<?xml version="1.0" encoding="UTF-8"?>
<testsuite xmlns:xsi="http://www.w3.org/2001/XMLSchema-instance" xsi:noNamespaceSchemaLocation="https://maven.apache.org/surefire/maven-surefire-plugin/xsd/surefire-test-report.xsd" name="com.cg.hbm.BookingDetailsTest" time="11.951" tests="3" errors="0" skipped="0" failures="2">
  <properties>
[...]
</properties>
  <testcase name="getShowAllBookingDetails" classname="com.cg.hbm.BookingDetailsTest" time="3.6">
    <failure message="expected: &lt;9&gt; but was: &lt;80&gt;" type="org.opentest4j.AssertionFailedError"><![CDATA[org.opentest4j.AssertionFailedError: expected: <9> but was: <80>
	at com.cg.hbm.BookingDetailsTest.getShowAllBookingDetails(BookingDetailsTest.java:41)
]]></failure>
    <system-out><![CDATA[15:27:50.087 [main] DEBUG org.springframework.test.context.BootstrapUtils - Instantiating CacheAwareContextLoaderDelegate from class [org.springframework.test.context.cache.DefaultCacheAwareContextLoaderDelegate]
15:27:50.111 [main] DEBUG org.springframework.test.context.BootstrapUtils - Instantiating BootstrapContext using constructor [public org.springframework.test.context.support.DefaultBootstrapContext(java.lang.Class,org.springframework.test.context.CacheAwareContextLoaderDelegate)]
15:27:50.179 [main] DEBUG org.springframework.test.context.BootstrapUtils - Instantiating TestContextBootstrapper for test class [com.cg.hbm.BookingDetailsTest] from class [org.springframework.boot.test.context.SpringBootTestContextBootstrapper]
15:27:50.194 [main] INFO org.springframework.boot.test.context.SpringBootTestContextBootstrapper - Neither @ContextConfiguration nor @ContextHierarchy found for test class [com.cg.hbm.BookingDetailsTest], using SpringBootContextLoader
15:27:50.201 [main] DEBUG org.springframework.test.context.support.AbstractContextLoader - Did not detect default resource location for test class [com.cg.hbm.BookingDetailsTest]: class path resource [com/cg/hbm/BookingDetailsTest-context.xml] does not exist
15:27:50.202 [main] DEBUG org.springframework.test.context.support.AbstractContextLoader - Did not detect default resource location for test class [com.cg.hbm.BookingDetailsTest]: class path resource [com/cg/hbm/BookingDetailsTestContext.groovy] does not exist
15:27:50.202 [main] INFO org.springframework.test.context.support.AbstractContextLoader - Could not detect default resource locations for test class [com.cg.hbm.BookingDetailsTest]: no resource found for suffixes {-context.xml, Context.groovy}.
15:27:50.203 [main] INFO org.springframework.test.context.support.AnnotationConfigContextLoaderUtils - Could not detect default configuration classes for test class [com.cg.hbm.BookingDetailsTest]: BookingDetailsTest does not declare any static, non-private, non-final, nested classes annotated with @Configuration.
15:27:50.295 [main] DEBUG org.springframework.test.context.support.ActiveProfilesUtils - Could not find an 'annotation declaring class' for annotation type [org.springframework.test.context.ActiveProfiles] and class [com.cg.hbm.BookingDetailsTest]
15:27:50.425 [main] DEBUG org.springframework.context.annotation.ClassPathScanningCandidateComponentProvider - Identified candidate component class: file [/home/fracisco/Desktop/MicroRefact/app/Results/Hotel-Booking-Management-System/1/target/classes/com/cg/hbm/Main.class]
15:27:50.426 [main] INFO org.springframework.boot.test.context.SpringBootTestContextBootstrapper - Found @SpringBootConfiguration com.cg.hbm.Main for test class com.cg.hbm.BookingDetailsTest
15:27:50.601 [main] DEBUG org.springframework.boot.test.context.SpringBootTestContextBootstrapper - @TestExecutionListeners is not present for class [com.cg.hbm.BookingDetailsTest]: using defaults.
15:27:50.602 [main] INFO org.springframework.boot.test.context.SpringBootTestContextBootstrapper - Loaded default TestExecutionListener class names from location [META-INF/spring.factories]: [org.springframework.boot.test.mock.mockito.MockitoTestExecutionListener, org.springframework.boot.test.mock.mockito.ResetMocksTestExecutionListener, org.springframework.boot.test.autoconfigure.restdocs.RestDocsTestExecutionListener, org.springframework.boot.test.autoconfigure.web.client.MockRestServiceServerResetTestExecutionListener, org.springframework.boot.test.autoconfigure.web.servlet.MockMvcPrintOnlyOnFailureTestExecutionListener, org.springframework.boot.test.autoconfigure.web.servlet.WebDriverTestExecutionListener, org.springframework.boot.test.autoconfigure.webservices.client.MockWebServiceServerTestExecutionListener, org.springframework.test.context.web.ServletTestExecutionListener, org.springframework.test.context.support.DirtiesContextBeforeModesTestExecutionListener, org.springframework.test.context.event.ApplicationEventsTestExecutionListener, org.springframework.test.context.support.DependencyInjectionTestExecutionListener, org.springframework.test.context.support.DirtiesContextTestExecutionListener, org.springframework.test.context.transaction.TransactionalTestExecutionListener, org.springframework.test.context.jdbc.SqlScriptsTestExecutionListener, org.springframework.test.context.event.EventPublishingTestExecutionListener]
15:27:50.633 [main] INFO org.springframework.boot.test.context.SpringBootTestContextBootstrapper - Using TestExecutionListeners: [org.springframework.test.context.web.ServletTestExecutionListener@73302995, org.springframework.test.context.support.DirtiesContextBeforeModesTestExecutionListener@1838ccb8, org.springframework.test.context.event.ApplicationEventsTestExecutionListener@6c2ed0cd, org.springframework.boot.test.mock.mockito.MockitoTestExecutionListener@7d9e8ef7, org.springframework.boot.test.autoconfigure.SpringBootDependencyInjectionTestExecutionListener@f107c50, org.springframework.test.context.support.DirtiesContextTestExecutionListener@51133c06, org.springframework.test.context.transaction.TransactionalTestExecutionListener@4b213651, org.springframework.test.context.jdbc.SqlScriptsTestExecutionListener@4241e0f4, org.springframework.test.context.event.EventPublishingTestExecutionListener@4ebff610, org.springframework.boot.test.mock.mockito.ResetMocksTestExecutionListener@60410cd, org.springframework.boot.test.autoconfigure.restdocs.RestDocsTestExecutionListener@44d52de2, org.springframework.boot.test.autoconfigure.web.client.MockRestServiceServerResetTestExecutionListener@95e33cc, org.springframework.boot.test.autoconfigure.web.servlet.MockMvcPrintOnlyOnFailureTestExecutionListener@38604b81, org.springframework.boot.test.autoconfigure.web.servlet.WebDriverTestExecutionListener@1e44b638, org.springframework.boot.test.autoconfigure.webservices.client.MockWebServiceServerTestExecutionListener@7393222f]
15:27:50.643 [main] DEBUG org.springframework.test.context.support.AbstractDirtiesContextTestExecutionListener - Before test class: context [DefaultTestContext@17d88132 testClass = BookingDetailsTest, testInstance = [null], testMethod = [null], testException = [null], mergedContextConfiguration = [WebMergedContextConfiguration@5ddcc487 testClass = BookingDetailsTest, locations = '{}', classes = '{class com.cg.hbm.Main}', contextInitializerClasses = '[]', activeProfiles = '{}', propertySourceLocations = '{}', propertySourceProperties = '{org.springframework.boot.test.context.SpringBootTestContextBootstrapper=true}', contextCustomizers = set[org.springframework.boot.test.context.filter.ExcludeFilterContextCustomizer@44821a96, org.springframework.boot.test.json.DuplicateJsonObjectContextCustomizerFactory$DuplicateJsonObjectContextCustomizer@732c2a62, org.springframework.boot.test.mock.mockito.MockitoContextCustomizer@0, org.springframework.boot.test.web.client.TestRestTemplateContextCustomizer@2dde1bff, org.springframework.boot.test.autoconfigure.actuate.metrics.MetricsExportContextCustomizerFactory$DisableMetricExportContextCustomizer@193f604a, org.springframework.boot.test.autoconfigure.properties.PropertyMappingContextCustomizer@0, org.springframework.boot.test.autoconfigure.web.servlet.WebDriverContextCustomizerFactory$Customizer@6f46426d, org.springframework.test.context.web.socket.MockServerContainerContextCustomizer@63a12c68, org.springframework.boot.test.context.SpringBootTestArgs@1, org.springframework.boot.test.context.SpringBootTestWebEnvironment@2173f6d9], resourceBasePath = 'src/main/webapp', contextLoader = 'org.springframework.boot.test.context.SpringBootContextLoader', parent = [null]], attributes = map['org.springframework.test.context.web.ServletTestExecutionListener.activateListener' -> true]], class annotated with @DirtiesContext [false] with mode [null].
15:27:50.731 [main] DEBUG org.springframework.test.context.support.TestPropertySourceUtils - Adding inlined properties to environment: {spring.jmx.enabled=false, org.springframework.boot.test.context.SpringBootTestContextBootstrapper=true}

  .   ____          _            __ _ _
 /\\ / ___'_ __ _ _(_)_ __  __ _ \ \ \ \
( ( )\___ | '_ | '_| | '_ \/ _` | \ \ \ \
 \\/  ___)| |_)| | | | | || (_| |  ) ) ) )
  '  |____| .__|_| |_|_| |_\__, | / / / /
 =========|_|==============|___/=/_/_/_/
 :: Spring Boot ::                (v2.4.4)

2021-09-18 15:27:51.172  INFO 118724 --- [           main] com.cg.hbm.BookingDetailsTest            : Starting BookingDetailsTest using Java 11.0.11 on fracisco-X555LJ with PID 118724 (started by fracisco in /home/fracisco/Desktop/MicroRefact/app/Results/Hotel-Booking-Management-System/1)
2021-09-18 15:27:51.179  INFO 118724 --- [           main] com.cg.hbm.BookingDetailsTest            : No active profile set, falling back to default profiles: default
2021-09-18 15:27:52.437  INFO 118724 --- [           main] .s.d.r.c.RepositoryConfigurationDelegate : Bootstrapping Spring Data JPA repositories in DEFAULT mode.
2021-09-18 15:27:52.524  INFO 118724 --- [           main] .s.d.r.c.RepositoryConfigurationDelegate : Finished Spring Data repository scanning in 73 ms. Found 1 JPA repository interfaces.
2021-09-18 15:27:52.988  INFO 118724 --- [           main] trationDelegate$BeanPostProcessorChecker : Bean 'org.springframework.ws.config.annotation.DelegatingWsConfiguration' of type [org.springframework.ws.config.annotation.DelegatingWsConfiguration$$EnhancerBySpringCGLIB$$7bdcdd2d] is not eligible for getting processed by all BeanPostProcessors (for example: not eligible for auto-proxying)
2021-09-18 15:27:53.124  INFO 118724 --- [           main] .w.s.a.s.AnnotationActionEndpointMapping : Supporting [WS-Addressing August 2004, WS-Addressing 1.0]
2021-09-18 15:27:53.576  INFO 118724 --- [           main] o.hibernate.jpa.internal.util.LogHelper  : HHH000204: Processing PersistenceUnitInfo [name: default]
2021-09-18 15:27:53.676  INFO 118724 --- [           main] org.hibernate.Version                    : HHH000412: Hibernate ORM core version 5.4.29.Final
2021-09-18 15:27:53.874  INFO 118724 --- [           main] o.hibernate.annotations.common.Version   : HCANN000001: Hibernate Commons Annotations {5.1.2.Final}
2021-09-18 15:27:54.063  INFO 118724 --- [           main] com.zaxxer.hikari.HikariDataSource       : hotelbooking - Starting...
2021-09-18 15:27:54.728  INFO 118724 --- [           main] com.zaxxer.hikari.HikariDataSource       : hotelbooking - Start completed.
2021-09-18 15:27:54.760  INFO 118724 --- [           main] org.hibernate.dialect.Dialect            : HHH000400: Using dialect: org.hibernate.dialect.MySQL8Dialect
2021-09-18 15:27:55.750  INFO 118724 --- [           main] o.h.e.t.j.p.i.JtaPlatformInitiator       : HHH000490: Using JtaPlatform implementation: [org.hibernate.engine.transaction.jta.platform.internal.NoJtaPlatform]
2021-09-18 15:27:55.766  INFO 118724 --- [           main] j.LocalContainerEntityManagerFactoryBean : Initialized JPA EntityManagerFactory for persistence unit 'default'
2021-09-18 15:27:56.683  WARN 118724 --- [           main] JpaBaseConfiguration$JpaWebConfiguration : spring.jpa.open-in-view is enabled by default. Therefore, database queries may be performed during view rendering. Explicitly configure spring.jpa.open-in-view to disable this warning
2021-09-18 15:27:57.034  INFO 118724 --- [           main] o.s.s.concurrent.ThreadPoolTaskExecutor  : Initializing ExecutorService 'applicationTaskExecutor'
2021-09-18 15:27:57.569  INFO 118724 --- [           main] com.cg.hbm.BookingDetailsTest            : Started BookingDetailsTest in 6.824 seconds (JVM running for 8.622)
2021-09-18 15:27:57.794  INFO 118724 --- [           main] o.s.b.t.m.w.SpringBootMockServletContext : Initializing Spring TestDispatcherServlet ''
2021-09-18 15:27:57.794  INFO 118724 --- [           main] o.s.t.web.servlet.TestDispatcherServlet  : Initializing Servlet ''
2021-09-18 15:27:57.799  INFO 118724 --- [           main] o.s.t.web.servlet.TestDispatcherServlet  : Completed initialization in 3 ms
Hibernate: select bookingdet0_.booking_id as booking_1_0_, bookingdet0_.amount as amount2_0_, bookingdet0_.booked_from as booked_f3_0_, bookingdet0_.booked_to as booked_t4_0_, bookingdet0_.hotel_id as hotel_id5_0_, bookingdet0_.no_of_adults as no_of_ad6_0_, bookingdet0_.no_of_children as no_of_ch7_0_, bookingdet0_.room_id as room_id8_0_, bookingdet0_.user_id as user_id9_0_ from bookingdetails bookingdet0_
]]></system-out>
  </testcase>
  <testcase name="getBookingDetails" classname="com.cg.hbm.BookingDetailsTest" time="0.053">
    <failure message="expected: &lt;200&gt; but was: &lt;400&gt;" type="org.opentest4j.AssertionFailedError"><![CDATA[org.opentest4j.AssertionFailedError: expected: <200> but was: <400>
	at com.cg.hbm.BookingDetailsTest.getBookingDetails(BookingDetailsTest.java:90)
]]></failure>
    <system-out><![CDATA[2021-09-18 15:28:01.200  INFO 118724 --- [           main] o.s.b.t.m.w.SpringBootMockServletContext : Initializing Spring TestDispatcherServlet ''
2021-09-18 15:28:01.201  INFO 118724 --- [           main] o.s.t.web.servlet.TestDispatcherServlet  : Initializing Servlet ''
2021-09-18 15:28:01.202  INFO 118724 --- [           main] o.s.t.web.servlet.TestDispatcherServlet  : Completed initialization in 1 ms
Hibernate: select bookingdet0_.booking_id as booking_1_0_0_, bookingdet0_.amount as amount2_0_0_, bookingdet0_.booked_from as booked_f3_0_0_, bookingdet0_.booked_to as booked_t4_0_0_, bookingdet0_.hotel_id as hotel_id5_0_0_, bookingdet0_.no_of_adults as no_of_ad6_0_0_, bookingdet0_.no_of_children as no_of_ch7_0_0_, bookingdet0_.room_id as room_id8_0_0_, bookingdet0_.user_id as user_id9_0_0_ from bookingdetails bookingdet0_ where bookingdet0_.booking_id=?
]]></system-out>
  </testcase>
  <testcase name="addBookingDetails" classname="com.cg.hbm.BookingDetailsTest" time="0.649"/>
</testsuite>