-------------------------------------------------------------------------------
Test set: com.cg.hbm.PaymentTest
-------------------------------------------------------------------------------
Tests run: 2, Failures: 1, Errors: 0, Skipped: 0, Time elapsed: 101.989 s <<< FAILURE! - in com.cg.hbm.PaymentTest
getPayments  Time elapsed: 0.649 s  <<< FAILURE!
org.opentest4j.AssertionFailedError: expected: <200> but was: <404>
	at com.cg.hbm.PaymentTest.getPayments(PaymentTest.java:44)

