<?xml version="1.0" encoding="UTF-8"?>
<testsuite xmlns:xsi="http://www.w3.org/2001/XMLSchema-instance" xsi:noNamespaceSchemaLocation="https://maven.apache.org/surefire/maven-surefire-plugin/xsd/surefire-test-report.xsd" name="com.cg.hbm.PaymentTest" time="101.989" tests="2" errors="0" skipped="0" failures="1">
  <properties>
[...]
</properties>
  <testcase name="getPayments" classname="com.cg.hbm.PaymentTest" time="0.649">
    <failure message="expected: &lt;200&gt; but was: &lt;404&gt;" type="org.opentest4j.AssertionFailedError"><![CDATA[org.opentest4j.AssertionFailedError: expected: <200> but was: <404>
	at com.cg.hbm.PaymentTest.getPayments(PaymentTest.java:44)
]]></failure>
    <system-out><![CDATA[15:51:48.319 [main] DEBUG org.springframework.test.context.BootstrapUtils - Instantiating CacheAwareContextLoaderDelegate from class [org.springframework.test.context.cache.DefaultCacheAwareContextLoaderDelegate]
15:51:48.365 [main] DEBUG org.springframework.test.context.BootstrapUtils - Instantiating BootstrapContext using constructor [public org.springframework.test.context.support.DefaultBootstrapContext(java.lang.Class,org.springframework.test.context.CacheAwareContextLoaderDelegate)]
15:51:48.433 [main] DEBUG org.springframework.test.context.BootstrapUtils - Instantiating TestContextBootstrapper for test class [com.cg.hbm.PaymentTest] from class [org.springframework.boot.test.context.SpringBootTestContextBootstrapper]
15:51:48.445 [main] INFO org.springframework.boot.test.context.SpringBootTestContextBootstrapper - Neither @ContextConfiguration nor @ContextHierarchy found for test class [com.cg.hbm.PaymentTest], using SpringBootContextLoader
15:51:48.451 [main] DEBUG org.springframework.test.context.support.AbstractContextLoader - Did not detect default resource location for test class [com.cg.hbm.PaymentTest]: class path resource [com/cg/hbm/PaymentTest-context.xml] does not exist
15:51:48.452 [main] DEBUG org.springframework.test.context.support.AbstractContextLoader - Did not detect default resource location for test class [com.cg.hbm.PaymentTest]: class path resource [com/cg/hbm/PaymentTestContext.groovy] does not exist
15:51:48.454 [main] INFO org.springframework.test.context.support.AbstractContextLoader - Could not detect default resource locations for test class [com.cg.hbm.PaymentTest]: no resource found for suffixes {-context.xml, Context.groovy}.
15:51:48.455 [main] INFO org.springframework.test.context.support.AnnotationConfigContextLoaderUtils - Could not detect default configuration classes for test class [com.cg.hbm.PaymentTest]: PaymentTest does not declare any static, non-private, non-final, nested classes annotated with @Configuration.
15:51:48.568 [main] DEBUG org.springframework.test.context.support.ActiveProfilesUtils - Could not find an 'annotation declaring class' for annotation type [org.springframework.test.context.ActiveProfiles] and class [com.cg.hbm.PaymentTest]
15:51:48.675 [main] DEBUG org.springframework.context.annotation.ClassPathScanningCandidateComponentProvider - Identified candidate component class: file [/home/fracisco/Desktop/MicroRefact/app/Results/Hotel-Booking-Management-System/3/target/classes/com/cg/hbm/Main.class]
15:51:48.676 [main] INFO org.springframework.boot.test.context.SpringBootTestContextBootstrapper - Found @SpringBootConfiguration com.cg.hbm.Main for test class com.cg.hbm.PaymentTest
15:51:48.844 [main] DEBUG org.springframework.boot.test.context.SpringBootTestContextBootstrapper - @TestExecutionListeners is not present for class [com.cg.hbm.PaymentTest]: using defaults.
15:51:48.845 [main] INFO org.springframework.boot.test.context.SpringBootTestContextBootstrapper - Loaded default TestExecutionListener class names from location [META-INF/spring.factories]: [org.springframework.boot.test.mock.mockito.MockitoTestExecutionListener, org.springframework.boot.test.mock.mockito.ResetMocksTestExecutionListener, org.springframework.boot.test.autoconfigure.restdocs.RestDocsTestExecutionListener, org.springframework.boot.test.autoconfigure.web.client.MockRestServiceServerResetTestExecutionListener, org.springframework.boot.test.autoconfigure.web.servlet.MockMvcPrintOnlyOnFailureTestExecutionListener, org.springframework.boot.test.autoconfigure.web.servlet.WebDriverTestExecutionListener, org.springframework.boot.test.autoconfigure.webservices.client.MockWebServiceServerTestExecutionListener, org.springframework.test.context.web.ServletTestExecutionListener, org.springframework.test.context.support.DirtiesContextBeforeModesTestExecutionListener, org.springframework.test.context.event.ApplicationEventsTestExecutionListener, org.springframework.test.context.support.DependencyInjectionTestExecutionListener, org.springframework.test.context.support.DirtiesContextTestExecutionListener, org.springframework.test.context.transaction.TransactionalTestExecutionListener, org.springframework.test.context.jdbc.SqlScriptsTestExecutionListener, org.springframework.test.context.event.EventPublishingTestExecutionListener]
15:51:48.907 [main] INFO org.springframework.boot.test.context.SpringBootTestContextBootstrapper - Using TestExecutionListeners: [org.springframework.test.context.web.ServletTestExecutionListener@63611043, org.springframework.test.context.support.DirtiesContextBeforeModesTestExecutionListener@20ca951f, org.springframework.test.context.event.ApplicationEventsTestExecutionListener@2d778add, org.springframework.boot.test.mock.mockito.MockitoTestExecutionListener@73302995, org.springframework.boot.test.autoconfigure.SpringBootDependencyInjectionTestExecutionListener@1838ccb8, org.springframework.test.context.support.DirtiesContextTestExecutionListener@6c2ed0cd, org.springframework.test.context.transaction.TransactionalTestExecutionListener@7d9e8ef7, org.springframework.test.context.jdbc.SqlScriptsTestExecutionListener@f107c50, org.springframework.test.context.event.EventPublishingTestExecutionListener@51133c06, org.springframework.boot.test.mock.mockito.ResetMocksTestExecutionListener@4b213651, org.springframework.boot.test.autoconfigure.restdocs.RestDocsTestExecutionListener@4241e0f4, org.springframework.boot.test.autoconfigure.web.client.MockRestServiceServerResetTestExecutionListener@4ebff610, org.springframework.boot.test.autoconfigure.web.servlet.MockMvcPrintOnlyOnFailureTestExecutionListener@60410cd, org.springframework.boot.test.autoconfigure.web.servlet.WebDriverTestExecutionListener@44d52de2, org.springframework.boot.test.autoconfigure.webservices.client.MockWebServiceServerTestExecutionListener@95e33cc]
15:51:48.929 [main] DEBUG org.springframework.test.context.support.AbstractDirtiesContextTestExecutionListener - Before test class: context [DefaultTestContext@6f44a157 testClass = PaymentTest, testInstance = [null], testMethod = [null], testException = [null], mergedContextConfiguration = [WebMergedContextConfiguration@6bc407fd testClass = PaymentTest, locations = '{}', classes = '{class com.cg.hbm.Main}', contextInitializerClasses = '[]', activeProfiles = '{}', propertySourceLocations = '{}', propertySourceProperties = '{org.springframework.boot.test.context.SpringBootTestContextBootstrapper=true}', contextCustomizers = set[org.springframework.boot.test.context.filter.ExcludeFilterContextCustomizer@41e1e210, org.springframework.boot.test.json.DuplicateJsonObjectContextCustomizerFactory$DuplicateJsonObjectContextCustomizer@44821a96, org.springframework.boot.test.mock.mockito.MockitoContextCustomizer@0, org.springframework.boot.test.web.client.TestRestTemplateContextCustomizer@22e357dc, org.springframework.boot.test.autoconfigure.actuate.metrics.MetricsExportContextCustomizerFactory$DisableMetricExportContextCustomizer@50ad3bc1, org.springframework.boot.test.autoconfigure.properties.PropertyMappingContextCustomizer@0, org.springframework.boot.test.autoconfigure.web.servlet.WebDriverContextCustomizerFactory$Customizer@759d26fb, org.springframework.test.context.web.socket.MockServerContainerContextCustomizer@5403f35f, org.springframework.boot.test.context.SpringBootTestArgs@1, org.springframework.boot.test.context.SpringBootTestWebEnvironment@7e2d773b], resourceBasePath = 'src/main/webapp', contextLoader = 'org.springframework.boot.test.context.SpringBootContextLoader', parent = [null]], attributes = map['org.springframework.test.context.web.ServletTestExecutionListener.activateListener' -> true]], class annotated with @DirtiesContext [false] with mode [null].
15:51:49.016 [main] DEBUG org.springframework.test.context.support.TestPropertySourceUtils - Adding inlined properties to environment: {spring.jmx.enabled=false, org.springframework.boot.test.context.SpringBootTestContextBootstrapper=true}

  .   ____          _            __ _ _
 /\\ / ___'_ __ _ _(_)_ __  __ _ \ \ \ \
( ( )\___ | '_ | '_| | '_ \/ _` | \ \ \ \
 \\/  ___)| |_)| | | | | || (_| |  ) ) ) )
  '  |____| .__|_| |_|_| |_\__, | / / / /
 =========|_|==============|___/=/_/_/_/
 :: Spring Boot ::                (v2.4.4)

2021-09-18 15:51:49.460  INFO 120826 --- [           main] com.cg.hbm.PaymentTest                   : Starting PaymentTest using Java 11.0.11 on fracisco-X555LJ with PID 120826 (started by fracisco in /home/fracisco/Desktop/MicroRefact/app/Results/Hotel-Booking-Management-System/3)
2021-09-18 15:51:49.466  INFO 120826 --- [           main] com.cg.hbm.PaymentTest                   : No active profile set, falling back to default profiles: default
2021-09-18 15:51:50.697  INFO 120826 --- [           main] .s.d.r.c.RepositoryConfigurationDelegate : Bootstrapping Spring Data JPA repositories in DEFAULT mode.
2021-09-18 15:51:50.790  INFO 120826 --- [           main] .s.d.r.c.RepositoryConfigurationDelegate : Finished Spring Data repository scanning in 79 ms. Found 1 JPA repository interfaces.
2021-09-18 15:51:51.232  INFO 120826 --- [           main] trationDelegate$BeanPostProcessorChecker : Bean 'org.springframework.ws.config.annotation.DelegatingWsConfiguration' of type [org.springframework.ws.config.annotation.DelegatingWsConfiguration$$EnhancerBySpringCGLIB$$6de71de0] is not eligible for getting processed by all BeanPostProcessors (for example: not eligible for auto-proxying)
2021-09-18 15:51:51.506  INFO 120826 --- [           main] .w.s.a.s.AnnotationActionEndpointMapping : Supporting [WS-Addressing August 2004, WS-Addressing 1.0]
2021-09-18 15:51:51.940  INFO 120826 --- [           main] o.hibernate.jpa.internal.util.LogHelper  : HHH000204: Processing PersistenceUnitInfo [name: default]
2021-09-18 15:51:52.035  INFO 120826 --- [           main] org.hibernate.Version                    : HHH000412: Hibernate ORM core version 5.4.29.Final
2021-09-18 15:51:52.253  INFO 120826 --- [           main] o.hibernate.annotations.common.Version   : HCANN000001: Hibernate Commons Annotations {5.1.2.Final}
2021-09-18 15:51:52.450  INFO 120826 --- [           main] com.zaxxer.hikari.HikariDataSource       : hotelbooking - Starting...
2021-09-18 15:51:53.238  INFO 120826 --- [           main] com.zaxxer.hikari.HikariDataSource       : hotelbooking - Start completed.
2021-09-18 15:51:53.263  INFO 120826 --- [           main] org.hibernate.dialect.Dialect            : HHH000400: Using dialect: org.hibernate.dialect.MySQL8Dialect
2021-09-18 15:51:54.168  INFO 120826 --- [           main] o.h.e.t.j.p.i.JtaPlatformInitiator       : HHH000490: Using JtaPlatform implementation: [org.hibernate.engine.transaction.jta.platform.internal.NoJtaPlatform]
2021-09-18 15:51:54.198  INFO 120826 --- [           main] j.LocalContainerEntityManagerFactoryBean : Initialized JPA EntityManagerFactory for persistence unit 'default'
2021-09-18 15:51:54.965  WARN 120826 --- [           main] JpaBaseConfiguration$JpaWebConfiguration : spring.jpa.open-in-view is enabled by default. Therefore, database queries may be performed during view rendering. Explicitly configure spring.jpa.open-in-view to disable this warning
2021-09-18 15:51:55.277  INFO 120826 --- [           main] o.s.s.concurrent.ThreadPoolTaskExecutor  : Initializing ExecutorService 'applicationTaskExecutor'
2021-09-18 15:51:55.968  INFO 120826 --- [           main] com.cg.hbm.PaymentTest                   : Started PaymentTest in 6.919 seconds (JVM running for 8.824)
2021-09-18 15:51:56.243  INFO 120826 --- [           main] o.s.b.t.m.w.SpringBootMockServletContext : Initializing Spring TestDispatcherServlet ''
2021-09-18 15:51:56.243  INFO 120826 --- [           main] o.s.t.web.servlet.TestDispatcherServlet  : Initializing Servlet ''
2021-09-18 15:51:56.245  INFO 120826 --- [           main] o.s.t.web.servlet.TestDispatcherServlet  : Completed initialization in 2 ms
Hibernate: select payments0_.payment_id as payment_1_0_0_, payments0_.booking_id as booking_2_0_0_, payments0_.transaction_id as transact3_0_0_ from payments payments0_ where payments0_.payment_id=?
]]></system-out>
  </testcase>
  <testcase name="addPayment" classname="com.cg.hbm.PaymentTest" time="93.33"/>
</testsuite>