-------------------------------------------------------------------------------
Test set: com.cg.hbm.TransactionTest
-------------------------------------------------------------------------------
Tests run: 2, Failures: 1, Errors: 0, Skipped: 0, Time elapsed: 6.788 s <<< FAILURE! - in com.cg.hbm.TransactionTest
addTransaction  Time elapsed: 0.077 s  <<< FAILURE!
org.opentest4j.AssertionFailedError: expected: <200> but was: <404>
	at com.cg.hbm.TransactionTest.addTransaction(TransactionTest.java:50)

