<?xml version="1.0" encoding="UTF-8"?>
<testsuite xmlns:xsi="http://www.w3.org/2001/XMLSchema-instance" xsi:noNamespaceSchemaLocation="https://maven.apache.org/surefire/maven-surefire-plugin/xsd/surefire-test-report.xsd" name="com.cg.hbm.RoomDetailsTest" time="8.274" tests="4" errors="0" skipped="0" failures="3">
  <properties>
[...]
</properties>
  <testcase name="addRoomDetails" classname="com.cg.hbm.RoomDetailsTest" time="0.633"/>
  <testcase name="getRoomDetails" classname="com.cg.hbm.RoomDetailsTest" time="0.545">
    <failure message="expected: &lt;1&gt; but was: &lt;2&gt;" type="org.opentest4j.AssertionFailedError"><![CDATA[org.opentest4j.AssertionFailedError: expected: <1> but was: <2>
	at com.cg.hbm.RoomDetailsTest.getRoomDetails(RoomDetailsTest.java:105)
]]></failure>
    <system-out><![CDATA[2021-08-29 16:53:17.593  INFO 12635 --- [           main] o.s.b.t.m.w.SpringBootMockServletContext : Initializing Spring TestDispatcherServlet ''
2021-08-29 16:53:17.593  INFO 12635 --- [           main] o.s.t.web.servlet.TestDispatcherServlet  : Initializing Servlet ''
2021-08-29 16:53:17.594  INFO 12635 --- [           main] o.s.t.web.servlet.TestDispatcherServlet  : Completed initialization in 1 ms
Hibernate: select roomdetail0_.room_id as room_id1_0_, roomdetail0_.hotel_id as hotel_id2_0_, roomdetail0_.is_available as is_avail3_0_, roomdetail0_.rate_per_day as rate_per4_0_, roomdetail0_.room_no as room_no5_0_, roomdetail0_.room_type as room_typ6_0_ from room_details roomdetail0_
]]></system-out>
  </testcase>
  <testcase name="UpdateRoom" classname="com.cg.hbm.RoomDetailsTest" time="0.022">
    <failure message="expected: &lt;200&gt; but was: &lt;404&gt;" type="org.opentest4j.AssertionFailedError"><![CDATA[org.opentest4j.AssertionFailedError: expected: <200> but was: <404>
	at com.cg.hbm.RoomDetailsTest.UpdateRoom(RoomDetailsTest.java:79)
]]></failure>
    <system-out><![CDATA[2021-08-29 16:53:18.136  INFO 12635 --- [           main] o.s.b.t.m.w.SpringBootMockServletContext : Initializing Spring TestDispatcherServlet ''
2021-08-29 16:53:18.136  INFO 12635 --- [           main] o.s.t.web.servlet.TestDispatcherServlet  : Initializing Servlet ''
2021-08-29 16:53:18.137  INFO 12635 --- [           main] o.s.t.web.servlet.TestDispatcherServlet  : Completed initialization in 1 ms
Hibernate: select roomdetail0_.room_id as room_id1_0_0_, roomdetail0_.hotel_id as hotel_id2_0_0_, roomdetail0_.is_available as is_avail3_0_0_, roomdetail0_.rate_per_day as rate_per4_0_0_, roomdetail0_.room_no as room_no5_0_0_, roomdetail0_.room_type as room_typ6_0_0_ from room_details roomdetail0_ where roomdetail0_.room_id=?
]]></system-out>
  </testcase>
  <testcase name="deleteRoom" classname="com.cg.hbm.RoomDetailsTest" time="0.013">
    <failure message="expected: &lt;200&gt; but was: &lt;404&gt;" type="org.opentest4j.AssertionFailedError"><![CDATA[org.opentest4j.AssertionFailedError: expected: <200> but was: <404>
	at com.cg.hbm.RoomDetailsTest.deleteRoom(RoomDetailsTest.java:40)
]]></failure>
    <system-out><![CDATA[2021-08-29 16:53:18.159  INFO 12635 --- [           main] o.s.b.t.m.w.SpringBootMockServletContext : Initializing Spring TestDispatcherServlet ''
2021-08-29 16:53:18.159  INFO 12635 --- [           main] o.s.t.web.servlet.TestDispatcherServlet  : Initializing Servlet ''
2021-08-29 16:53:18.160  INFO 12635 --- [           main] o.s.t.web.servlet.TestDispatcherServlet  : Completed initialization in 1 ms
Hibernate: select roomdetail0_.room_id as room_id1_0_0_, roomdetail0_.hotel_id as hotel_id2_0_0_, roomdetail0_.is_available as is_avail3_0_0_, roomdetail0_.rate_per_day as rate_per4_0_0_, roomdetail0_.room_no as room_no5_0_0_, roomdetail0_.room_type as room_typ6_0_0_ from room_details roomdetail0_ where roomdetail0_.room_id=?
]]></system-out>
  </testcase>
</testsuite>