<?xml version="1.0" encoding="UTF-8"?>
<testsuite xmlns:xsi="http://www.w3.org/2001/XMLSchema-instance" xsi:noNamespaceSchemaLocation="https://maven.apache.org/surefire/maven-surefire-plugin/xsd/surefire-test-report.xsd" name="upce.semprace.eshop.dataTests.ProduktTests" time="0.917" tests="4" errors="0" skipped="0" failures="0">
  <properties>
[...]
</properties>
  <testcase name="removeDopravaViaNazev" classname="upce.semprace.eshop.dataTests.ProduktTests" time="0.074"/>
  <testcase name="saveProdukt" classname="upce.semprace.eshop.dataTests.ProduktTests" time="0.033"/>
  <testcase name="findDopravaViaNazev" classname="upce.semprace.eshop.dataTests.ProduktTests" time="0.045"/>
  <testcase name="saveMoreDoprava" classname="upce.semprace.eshop.dataTests.ProduktTests" time="0.032"/>
</testsuite>