-------------------------------------------------------------------------------
Test set: upce.semprace.eshop.controllerTests.ProduktControllerTests
-------------------------------------------------------------------------------
Tests run: 2, Failures: 0, Errors: 2, Skipped: 0, Time elapsed: 4.393 s <<< FAILURE! - in upce.semprace.eshop.controllerTests.ProduktControllerTests
getProductByID  Time elapsed: 0.001 s  <<< ERROR!
java.lang.IllegalStateException: Failed to load ApplicationContext
Caused by: org.springframework.beans.factory.BeanCreationException: Error creating bean with name 'groovyMarkupConfigurer' defined in class path resource [org/springframework/boot/autoconfigure/groovy/template/GroovyTemplateAutoConfiguration$GroovyMarkupConfiguration.class]: Invocation of init method failed; nested exception is java.lang.reflect.InaccessibleObjectException: Unable to make jdk.internal.loader.ClassLoaders$AppClassLoader(jdk.internal.loader.ClassLoaders$PlatformClassLoader,jdk.internal.loader.URLClassPath) accessible: module java.base does not "opens jdk.internal.loader" to unnamed module @255990cc
Caused by: java.lang.reflect.InaccessibleObjectException: Unable to make jdk.internal.loader.ClassLoaders$AppClassLoader(jdk.internal.loader.ClassLoaders$PlatformClassLoader,jdk.internal.loader.URLClassPath) accessible: module java.base does not "opens jdk.internal.loader" to unnamed module @255990cc

getProducts  Time elapsed: 0 s  <<< ERROR!
java.lang.IllegalStateException: Failed to load ApplicationContext
Caused by: org.springframework.beans.factory.BeanCreationException: Error creating bean with name 'groovyMarkupConfigurer' defined in class path resource [org/springframework/boot/autoconfigure/groovy/template/GroovyTemplateAutoConfiguration$GroovyMarkupConfiguration.class]: Invocation of init method failed; nested exception is java.lang.reflect.InaccessibleObjectException: Unable to make jdk.internal.loader.ClassLoaders$AppClassLoader(jdk.internal.loader.ClassLoaders$PlatformClassLoader,jdk.internal.loader.URLClassPath) accessible: module java.base does not "opens jdk.internal.loader" to unnamed module @255990cc
Caused by: java.lang.reflect.InaccessibleObjectException: Unable to make jdk.internal.loader.ClassLoaders$AppClassLoader(jdk.internal.loader.ClassLoaders$PlatformClassLoader,jdk.internal.loader.URLClassPath) accessible: module java.base does not "opens jdk.internal.loader" to unnamed module @255990cc

